[debug] [2026-05-13T18:45:44.380Z] ----------------------------------------------------------------------
[debug] [2026-05-13T18:45:44.382Z] Command:       D:\Software from C\node.exe C:\Users\rickb\AppData\Roaming\npm\node_modules\firebase-tools\lib\bin\firebase.js deploy
[debug] [2026-05-13T18:45:44.382Z] CLI Version:   15.17.0
[debug] [2026-05-13T18:45:44.382Z] Platform:      win32
[debug] [2026-05-13T18:45:44.382Z] Node Version:  v24.15.0
[debug] [2026-05-13T18:45:44.382Z] Time:          Wed May 13 2026 12:45:44 GMT-0600 (Mountain Daylight Time)
[debug] [2026-05-13T18:45:44.382Z] ----------------------------------------------------------------------
[debug] 
[debug] [2026-05-13T18:45:45.379Z] > command requires scopes: ["email","openid","https://www.googleapis.com/auth/cloudplatformprojects.readonly","https://www.googleapis.com/auth/firebase","https://www.googleapis.com/auth/cloud-platform"]
[debug] [2026-05-13T18:45:45.379Z] > authorizing via signed-in user (rick.bradford3@gmail.com)
[debug] [2026-05-13T18:45:45.379Z] [iam] checking project xyrella-5f994 for permissions ["cloudfunctions.functions.create","cloudfunctions.functions.delete","cloudfunctions.functions.get","cloudfunctions.functions.list","cloudfunctions.functions.update","cloudfunctions.operations.get","datastore.indexes.create","datastore.indexes.delete","datastore.indexes.list","datastore.indexes.update","firebase.projects.get","firebasehosting.sites.update","firebaserules.releases.create","firebaserules.releases.update","firebaserules.rulesets.create"]
[debug] [2026-05-13T18:45:45.380Z] Checked if tokens are valid: true, expires at: 1778700416554
[debug] [2026-05-13T18:45:45.380Z] Checked if tokens are valid: true, expires at: 1778700416554
[debug] [2026-05-13T18:45:45.381Z] >>> [apiv2][query] POST https://cloudresourcemanager.googleapis.com/v1/projects/xyrella-5f994:testIamPermissions [none]
[debug] [2026-05-13T18:45:45.381Z] >>> [apiv2][(partial)header] POST https://cloudresourcemanager.googleapis.com/v1/projects/xyrella-5f994:testIamPermissions  x-goog-user-project=xyrella-5f994
[debug] [2026-05-13T18:45:45.381Z] >>> [apiv2][body] POST https://cloudresourcemanager.googleapis.com/v1/projects/xyrella-5f994:testIamPermissions {"permissions":["cloudfunctions.functions.create","cloudfunctions.functions.delete","cloudfunctions.functions.get","cloudfunctions.functions.list","cloudfunctions.functions.update","cloudfunctions.operations.get","datastore.indexes.create","datastore.indexes.delete","datastore.indexes.list","datastore.indexes.update","firebase.projects.get","firebasehosting.sites.update","firebaserules.releases.create","firebaserules.releases.update","firebaserules.rulesets.create"]}
[debug] [2026-05-13T18:45:45.606Z] <<< [apiv2][status] POST https://cloudresourcemanager.googleapis.com/v1/projects/xyrella-5f994:testIamPermissions 200
[debug] [2026-05-13T18:45:45.606Z] <<< [apiv2][body] POST https://cloudresourcemanager.googleapis.com/v1/projects/xyrella-5f994:testIamPermissions {"permissions":["cloudfunctions.functions.create","cloudfunctions.functions.delete","cloudfunctions.functions.get","cloudfunctions.functions.list","cloudfunctions.functions.update","cloudfunctions.operations.get","datastore.indexes.create","datastore.indexes.delete","datastore.indexes.list","datastore.indexes.update","firebase.projects.get","firebasehosting.sites.update","firebaserules.releases.create","firebaserules.releases.update","firebaserules.rulesets.create"]}
[debug] [2026-05-13T18:45:45.606Z] Checked if tokens are valid: true, expires at: 1778700416554
[debug] [2026-05-13T18:45:45.606Z] Checked if tokens are valid: true, expires at: 1778700416554
[debug] [2026-05-13T18:45:45.606Z] >>> [apiv2][query] POST https://iam.googleapis.com/v1/projects/xyrella-5f994/serviceAccounts/xyrella-5f994@appspot.gserviceaccount.com:testIamPermissions [none]
[debug] [2026-05-13T18:45:45.606Z] >>> [apiv2][body] POST https://iam.googleapis.com/v1/projects/xyrella-5f994/serviceAccounts/xyrella-5f994@appspot.gserviceaccount.com:testIamPermissions {"permissions":["iam.serviceAccounts.actAs"]}
[debug] [2026-05-13T18:45:45.731Z] <<< [apiv2][status] POST https://iam.googleapis.com/v1/projects/xyrella-5f994/serviceAccounts/xyrella-5f994@appspot.gserviceaccount.com:testIamPermissions 200
[debug] [2026-05-13T18:45:45.731Z] <<< [apiv2][body] POST https://iam.googleapis.com/v1/projects/xyrella-5f994/serviceAccounts/xyrella-5f994@appspot.gserviceaccount.com:testIamPermissions {"permissions":["iam.serviceAccounts.actAs"]}
[debug] [2026-05-13T18:45:45.732Z] Checked if tokens are valid: true, expires at: 1778700416554
[debug] [2026-05-13T18:45:45.732Z] Checked if tokens are valid: true, expires at: 1778700416554
[debug] [2026-05-13T18:45:45.732Z] >>> [apiv2][query] GET https://firebase.googleapis.com/v1beta1/projects/xyrella-5f994 [none]
[debug] [2026-05-13T18:45:45.979Z] <<< [apiv2][status] GET https://firebase.googleapis.com/v1beta1/projects/xyrella-5f994 200
[debug] [2026-05-13T18:45:45.979Z] <<< [apiv2][body] GET https://firebase.googleapis.com/v1beta1/projects/xyrella-5f994 {"projectId":"xyrella-5f994","projectNumber":"579885317211","displayName":"Xyrella","name":"projects/xyrella-5f994","resources":{"hostingSite":"xyrella-5f994"},"state":"ACTIVE","etag":"1_e34d3fc8-b8de-49cc-8a44-f82c9513a1a0"}
[info] 
[info] === Deploying to 'xyrella-5f994'...
[info] 
[info] i  deploying storage, firestore, functions, hosting 
[info] i  storage: ensuring required API firebasestorage.googleapis.com is enabled... 
[debug] [2026-05-13T18:45:45.983Z] Checked if tokens are valid: true, expires at: 1778700416554
[debug] [2026-05-13T18:45:45.984Z] Checked if tokens are valid: true, expires at: 1778700416554
[debug] [2026-05-13T18:45:45.984Z] >>> [apiv2][query] GET https://firebasestorage.googleapis.com/v1alpha/projects/xyrella-5f994/defaultBucket [none]
[debug] [2026-05-13T18:45:46.222Z] <<< [apiv2][status] GET https://firebasestorage.googleapis.com/v1alpha/projects/xyrella-5f994/defaultBucket 200
[debug] [2026-05-13T18:45:46.222Z] <<< [apiv2][body] GET https://firebasestorage.googleapis.com/v1alpha/projects/xyrella-5f994/defaultBucket {"name":"projects/xyrella-5f994/defaultBucket","location":"US-EAST1","bucket":{"name":"projects/xyrella-5f994/buckets/xyrella-5f994.firebasestorage.app"},"storageClass":"REGIONAL"}
[info] i  firebase.storage: checking storage.rules for compilation errors... 
[debug] [2026-05-13T18:45:46.223Z] Checked if tokens are valid: true, expires at: 1778700416554
[debug] [2026-05-13T18:45:46.223Z] Checked if tokens are valid: true, expires at: 1778700416554
[debug] [2026-05-13T18:45:46.223Z] >>> [apiv2][query] POST https://firebaserules.googleapis.com/v1/projects/xyrella-5f994:test [none]
[debug] [2026-05-13T18:45:46.223Z] >>> [apiv2][body] POST https://firebaserules.googleapis.com/v1/projects/xyrella-5f994:test [omitted]
[debug] [2026-05-13T18:45:46.388Z] <<< [apiv2][status] POST https://firebaserules.googleapis.com/v1/projects/xyrella-5f994:test 200
[debug] [2026-05-13T18:45:46.388Z] <<< [apiv2][body] POST https://firebaserules.googleapis.com/v1/projects/xyrella-5f994:test {}
[info] +  firebase.storage: rules file storage.rules compiled successfully 
[info] i  firestore: ensuring required API firestore.googleapis.com is enabled... 
[info] i  firestore: ensuring required API firestore.googleapis.com is enabled... 
[debug] [2026-05-13T18:45:46.390Z] Checked if tokens are valid: true, expires at: 1778700416554
[debug] [2026-05-13T18:45:46.390Z] Checked if tokens are valid: true, expires at: 1778700416554
[debug] [2026-05-13T18:45:46.390Z] >>> [apiv2][query] GET https://firestore.googleapis.com/v1/projects/xyrella-5f994/databases/(default) [none]
[debug] [2026-05-13T18:45:46.630Z] <<< [apiv2][status] GET https://firestore.googleapis.com/v1/projects/xyrella-5f994/databases/(default) 200
[debug] [2026-05-13T18:45:46.630Z] <<< [apiv2][body] GET https://firestore.googleapis.com/v1/projects/xyrella-5f994/databases/(default) {"name":"projects/xyrella-5f994/databases/(default)","uid":"f6c858b2-58f4-48ef-8012-0a07c7d49ea4","createTime":"2026-05-07T18:28:21.426163Z","updateTime":"2026-05-07T18:28:21.426163Z","locationId":"nam5","type":"FIRESTORE_NATIVE","concurrencyMode":"PESSIMISTIC","versionRetentionPeriod":"3600s","earliestVersionTime":"2026-05-13T17:45:46.055659Z","appEngineIntegrationMode":"DISABLED","keyPrefix":"s","pointInTimeRecoveryEnablement":"POINT_IN_TIME_RECOVERY_DISABLED","deleteProtectionState":"DELETE_PROTECTION_DISABLED","databaseEdition":"STANDARD","freeTier":true,"realtimeUpdatesMode":"REALTIME_UPDATES_MODE_ENABLED","etag":"IP3/8pn2tpQDMKzJ7db5tJQD"}
[info] i  cloud.firestore: checking firestore.rules for compilation errors... 
[debug] [2026-05-13T18:45:46.631Z] Checked if tokens are valid: true, expires at: 1778700416554
[debug] [2026-05-13T18:45:46.631Z] Checked if tokens are valid: true, expires at: 1778700416554
[debug] [2026-05-13T18:45:46.631Z] >>> [apiv2][query] POST https://firebaserules.googleapis.com/v1/projects/xyrella-5f994:test [none]
[debug] [2026-05-13T18:45:46.631Z] >>> [apiv2][body] POST https://firebaserules.googleapis.com/v1/projects/xyrella-5f994:test [omitted]
[debug] [2026-05-13T18:45:46.694Z] <<< [apiv2][status] POST https://firebaserules.googleapis.com/v1/projects/xyrella-5f994:test 200
[debug] [2026-05-13T18:45:46.694Z] <<< [apiv2][body] POST https://firebaserules.googleapis.com/v1/projects/xyrella-5f994:test {}
[info] +  cloud.firestore: rules file firestore.rules compiled successfully 
[debug] [2026-05-13T18:45:46.696Z] Checked if tokens are valid: true, expires at: 1778700416554
[debug] [2026-05-13T18:45:46.697Z] Checked if tokens are valid: true, expires at: 1778700416554
[debug] [2026-05-13T18:45:46.697Z] >>> [apiv2][query] GET https://cloudresourcemanager.googleapis.com/v1/projects/xyrella-5f994 [none]
[debug] [2026-05-13T18:45:46.768Z] <<< [apiv2][status] GET https://cloudresourcemanager.googleapis.com/v1/projects/xyrella-5f994 200
[debug] [2026-05-13T18:45:46.769Z] <<< [apiv2][body] GET https://cloudresourcemanager.googleapis.com/v1/projects/xyrella-5f994 {"projectNumber":"579885317211","projectId":"xyrella-5f994","lifecycleState":"ACTIVE","name":"Xyrella","labels":{"firebase":"enabled","firebase-core":"disabled"},"createTime":"2026-05-07T18:14:09.818Z"}
[info] i  functions: preparing codebase default for deployment 
[info] i  functions: ensuring required API cloudfunctions.googleapis.com is enabled... 
[info] i  functions: ensuring required API cloudbuild.googleapis.com is enabled... 
[info] i  artifactregistry: ensuring required API artifactregistry.googleapis.com is enabled... 
[debug] [2026-05-13T18:45:46.771Z] Checked if tokens are valid: true, expires at: 1778700416554
[debug] [2026-05-13T18:45:46.771Z] Checked if tokens are valid: true, expires at: 1778700416554
[debug] [2026-05-13T18:45:46.771Z] >>> [apiv2][query] GET https://firebase.googleapis.com/v1beta1/projects/xyrella-5f994/adminSdkConfig [none]
[debug] [2026-05-13T18:45:46.987Z] <<< [apiv2][status] GET https://firebase.googleapis.com/v1beta1/projects/xyrella-5f994/adminSdkConfig 200
[debug] [2026-05-13T18:45:46.987Z] <<< [apiv2][body] GET https://firebase.googleapis.com/v1beta1/projects/xyrella-5f994/adminSdkConfig {"projectId":"xyrella-5f994","storageBucket":"xyrella-5f994.firebasestorage.app"}
[debug] [2026-05-13T18:45:46.988Z] Checked if tokens are valid: true, expires at: 1778700416554
[debug] [2026-05-13T18:45:46.988Z] Checked if tokens are valid: true, expires at: 1778700416554
[debug] [2026-05-13T18:45:46.988Z] >>> [apiv2][query] GET https://runtimeconfig.googleapis.com/v1beta1/projects/xyrella-5f994/configs [none]
[debug] [2026-05-13T18:45:47.149Z] <<< [apiv2][status] GET https://runtimeconfig.googleapis.com/v1beta1/projects/xyrella-5f994/configs 200
[debug] [2026-05-13T18:45:47.149Z] <<< [apiv2][body] GET https://runtimeconfig.googleapis.com/v1beta1/projects/xyrella-5f994/configs {}
[debug] [2026-05-13T18:45:47.151Z] Validating nodejs source
[warn] !  functions: Runtime Node.js 20 was deprecated on 2026-04-30 and will be decommissioned on 2026-10-30, after which you will not be able to deploy without upgrading. Consider upgrading now to avoid disruption. See https://cloud.google.com/functions/docs/runtime-support for full details on the lifecycle policy 
[warn] !  functions: Couldn't find firebase-functions package in your source code. Have you run 'npm install'? 
[debug] [2026-05-13T18:45:47.152Z] getFunctionsSDKVersion encountered error: Cannot find module 'firebase-functions'
Require stack:
- C:\Users\rickb\AppData\Roaming\npm\node_modules\firebase-tools\lib\deploy\functions\runtimes\node\versioning.js
- C:\Users\rickb\AppData\Roaming\npm\node_modules\firebase-tools\lib\deploy\functions\runtimes\node\index.js
- C:\Users\rickb\AppData\Roaming\npm\node_modules\firebase-tools\lib\deploy\functions\runtimes\index.js
- C:\Users\rickb\AppData\Roaming\npm\node_modules\firebase-tools\lib\deploy\functions\prepare.js
- C:\Users\rickb\AppData\Roaming\npm\node_modules\firebase-tools\lib\emulator\functionsEmulatorShared.js
- C:\Users\rickb\AppData\Roaming\npm\node_modules\firebase-tools\lib\frameworks\index.js
- C:\Users\rickb\AppData\Roaming\npm\node_modules\firebase-tools\lib\deploy\hosting\prepare.js
- C:\Users\rickb\AppData\Roaming\npm\node_modules\firebase-tools\lib\deploy\hosting\index.js
- C:\Users\rickb\AppData\Roaming\npm\node_modules\firebase-tools\lib\deploy\index.js
- C:\Users\rickb\AppData\Roaming\npm\node_modules\firebase-tools\lib\commands\deploy.js
- C:\Users\rickb\AppData\Roaming\npm\node_modules\firebase-tools\lib\commands\index.js
- C:\Users\rickb\AppData\Roaming\npm\node_modules\firebase-tools\lib\index.js
- C:\Users\rickb\AppData\Roaming\npm\node_modules\firebase-tools\lib\bin\cli.js
- C:\Users\rickb\AppData\Roaming\npm\node_modules\firebase-tools\lib\bin\firebase.js {"code":"MODULE_NOT_FOUND","requireStack":["C:\\Users\\rickb\\AppData\\Roaming\\npm\\node_modules\\firebase-tools\\lib\\deploy\\functions\\runtimes\\node\\versioning.js","C:\\Users\\rickb\\AppData\\Roaming\\npm\\node_modules\\firebase-tools\\lib\\deploy\\functions\\runtimes\\node\\index.js","C:\\Users\\rickb\\AppData\\Roaming\\npm\\node_modules\\firebase-tools\\lib\\deploy\\functions\\runtimes\\index.js","C:\\Users\\rickb\\AppData\\Roaming\\npm\\node_modules\\firebase-tools\\lib\\deploy\\functions\\prepare.js","C:\\Users\\rickb\\AppData\\Roaming\\npm\\node_modules\\firebase-tools\\lib\\emulator\\functionsEmulatorShared.js","C:\\Users\\rickb\\AppData\\Roaming\\npm\\node_modules\\firebase-tools\\lib\\frameworks\\index.js","C:\\Users\\rickb\\AppData\\Roaming\\npm\\node_modules\\firebase-tools\\lib\\deploy\\hosting\\prepare.js","C:\\Users\\rickb\\AppData\\Roaming\\npm\\node_modules\\firebase-tools\\lib\\deploy\\hosting\\index.js","C:\\Users\\rickb\\AppData\\Roaming\\npm\\node_modules\\firebase-tools\\lib\\deploy\\index.js","C:\\Users\\rickb\\AppData\\Roaming\\npm\\node_modules\\firebase-tools\\lib\\commands\\deploy.js","C:\\Users\\rickb\\AppData\\Roaming\\npm\\node_modules\\firebase-tools\\lib\\commands\\index.js","C:\\Users\\rickb\\AppData\\Roaming\\npm\\node_modules\\firebase-tools\\lib\\index.js","C:\\Users\\rickb\\AppData\\Roaming\\npm\\node_modules\\firebase-tools\\lib\\bin\\cli.js","C:\\Users\\rickb\\AppData\\Roaming\\npm\\node_modules\\firebase-tools\\lib\\bin\\firebase.js"]}
[debug] [2026-05-13T18:45:47.152Z] checkFunctionsSDKVersion encountered error: Invalid Version:  {}
[debug] [2026-05-13T18:45:47.153Z] > [functions] package.json contents: {
  "name": "xyrella-functions",
  "description": "Xyrella Cloud Functions - AI analysis middleware for xyrella-5f994",
  "version": "1.5.0",
  "engines": {
    "node": "20"
  },
  "main": "index.js",
  "scripts": {
    "serve": "firebase emulators:start --only functions",
    "shell": "firebase functions:shell",
    "start": "npm run shell",
    "deploy": "firebase deploy --only functions"
  },
  "dependencies": {
    "firebase-admin": "^12.0.0",
    "firebase-functions": "^5.0.0",
    "node-fetch": "^2.7.0"
  },
  "devDependencies": {
    "firebase-functions-test": "^0.2.3"
  }
}
[debug] [2026-05-13T18:45:47.153Z] Building nodejs source
[info] i  functions: Loading and analyzing source code for codebase default to determine what to deploy 
[debug] [2026-05-13T18:45:47.153Z] Could not parse firebase-functions version '' into semver.
[debug] [2026-05-13T18:45:47.153Z] Could not find functions.yaml. Must use http discovery
[debug] [2026-05-13T18:45:47.253Z] Error: Cannot find module 'firebase-functions'
Require stack:
- C:\Users\rickb\AppData\Roaming\npm\node_modules\firebase-tools\lib\deploy\functions\runtimes\node\index.js
- C:\Users\rickb\AppData\Roaming\npm\node_modules\firebase-tools\lib\deploy\functions\runtimes\index.js
- C:\Users\rickb\AppData\Roaming\npm\node_modules\firebase-tools\lib\deploy\functions\prepare.js
- C:\Users\rickb\AppData\Roaming\npm\node_modules\firebase-tools\lib\emulator\functionsEmulatorShared.js
- C:\Users\rickb\AppData\Roaming\npm\node_modules\firebase-tools\lib\frameworks\index.js
- C:\Users\rickb\AppData\Roaming\npm\node_modules\firebase-tools\lib\deploy\hosting\prepare.js
- C:\Users\rickb\AppData\Roaming\npm\node_modules\firebase-tools\lib\deploy\hosting\index.js
- C:\Users\rickb\AppData\Roaming\npm\node_modules\firebase-tools\lib\deploy\index.js
- C:\Users\rickb\AppData\Roaming\npm\node_modules\firebase-tools\lib\commands\deploy.js
- C:\Users\rickb\AppData\Roaming\npm\node_modules\firebase-tools\lib\commands\index.js
- C:\Users\rickb\AppData\Roaming\npm\node_modules\firebase-tools\lib\index.js
- C:\Users\rickb\AppData\Roaming\npm\node_modules\firebase-tools\lib\bin\cli.js
- C:\Users\rickb\AppData\Roaming\npm\node_modules\firebase-tools\lib\bin\firebase.js
    at Module._resolveFilename (node:internal/modules/cjs/loader:1476:15)
    at wrapResolveFilename (node:internal/modules/cjs/loader:1049:27)
    at resolveForCJSWithHooks (node:internal/modules/cjs/loader:1094:12)
    at require.resolve (node:internal/modules/helpers:171:31)
    at Delegate.findFunctionsBinary (C:\Users\rickb\AppData\Roaming\npm\node_modules\firebase-tools\lib\deploy\functions\runtimes\node\index.js:101:33)
    at Delegate.spawnFunctionsProcess (C:\Users\rickb\AppData\Roaming\npm\node_modules\firebase-tools\lib\deploy\functions\runtimes\node\index.js:131:30)
    at Delegate.serveAdmin (C:\Users\rickb\AppData\Roaming\npm\node_modules\firebase-tools\lib\deploy\functions\runtimes\node\index.js:152:35)
    at Delegate.discoverBuild (C:\Users\rickb\AppData\Roaming\npm\node_modules\firebase-tools\lib\deploy\functions\runtimes\node\index.js:192:41)
    at process.processTicksAndRejections (node:internal/process/task_queues:104:5)
    at async loadCodebases (C:\Users\rickb\AppData\Roaming\npm\node_modules\firebase-tools\lib\deploy\functions\prepare.js:496:33)
[error] 
[error] Error: An unexpected error has occurred.
[debug] [2026-05-13T18:46:02.368Z] ----------------------------------------------------------------------
[debug] [2026-05-13T18:46:02.370Z] Command:       D:\Software from C\node.exe C:\Users\rickb\AppData\Roaming\npm\node_modules\firebase-tools\lib\bin\firebase.js deploy
[debug] [2026-05-13T18:46:02.370Z] CLI Version:   15.17.0
[debug] [2026-05-13T18:46:02.370Z] Platform:      win32
[debug] [2026-05-13T18:46:02.370Z] Node Version:  v24.15.0
[debug] [2026-05-13T18:46:02.371Z] Time:          Wed May 13 2026 12:46:02 GMT-0600 (Mountain Daylight Time)
[debug] [2026-05-13T18:46:02.371Z] ----------------------------------------------------------------------
[debug] 
[debug] [2026-05-13T18:46:03.395Z] > command requires scopes: ["email","openid","https://www.googleapis.com/auth/cloudplatformprojects.readonly","https://www.googleapis.com/auth/firebase","https://www.googleapis.com/auth/cloud-platform"]
[debug] [2026-05-13T18:46:03.396Z] > authorizing via signed-in user (rick.bradford3@gmail.com)
[debug] [2026-05-13T18:46:03.396Z] [iam] checking project xyrella-5f994 for permissions ["cloudfunctions.functions.create","cloudfunctions.functions.delete","cloudfunctions.functions.get","cloudfunctions.functions.list","cloudfunctions.functions.update","cloudfunctions.operations.get","datastore.indexes.create","datastore.indexes.delete","datastore.indexes.list","datastore.indexes.update","firebase.projects.get","firebasehosting.sites.update","firebaserules.releases.create","firebaserules.releases.update","firebaserules.rulesets.create"]
[debug] [2026-05-13T18:46:03.396Z] Checked if tokens are valid: true, expires at: 1778700416554
[debug] [2026-05-13T18:46:03.397Z] Checked if tokens are valid: true, expires at: 1778700416554
[debug] [2026-05-13T18:46:03.397Z] >>> [apiv2][query] POST https://cloudresourcemanager.googleapis.com/v1/projects/xyrella-5f994:testIamPermissions [none]
[debug] [2026-05-13T18:46:03.397Z] >>> [apiv2][(partial)header] POST https://cloudresourcemanager.googleapis.com/v1/projects/xyrella-5f994:testIamPermissions  x-goog-user-project=xyrella-5f994
[debug] [2026-05-13T18:46:03.397Z] >>> [apiv2][body] POST https://cloudresourcemanager.googleapis.com/v1/projects/xyrella-5f994:testIamPermissions {"permissions":["cloudfunctions.functions.create","cloudfunctions.functions.delete","cloudfunctions.functions.get","cloudfunctions.functions.list","cloudfunctions.functions.update","cloudfunctions.operations.get","datastore.indexes.create","datastore.indexes.delete","datastore.indexes.list","datastore.indexes.update","firebase.projects.get","firebasehosting.sites.update","firebaserules.releases.create","firebaserules.releases.update","firebaserules.rulesets.create"]}
[debug] [2026-05-13T18:46:03.622Z] <<< [apiv2][status] POST https://cloudresourcemanager.googleapis.com/v1/projects/xyrella-5f994:testIamPermissions 200
[debug] [2026-05-13T18:46:03.622Z] <<< [apiv2][body] POST https://cloudresourcemanager.googleapis.com/v1/projects/xyrella-5f994:testIamPermissions {"permissions":["cloudfunctions.functions.create","cloudfunctions.functions.delete","cloudfunctions.functions.get","cloudfunctions.functions.list","cloudfunctions.functions.update","cloudfunctions.operations.get","datastore.indexes.create","datastore.indexes.delete","datastore.indexes.list","datastore.indexes.update","firebase.projects.get","firebasehosting.sites.update","firebaserules.releases.create","firebaserules.releases.update","firebaserules.rulesets.create"]}
[debug] [2026-05-13T18:46:03.622Z] Checked if tokens are valid: true, expires at: 1778700416554
[debug] [2026-05-13T18:46:03.622Z] Checked if tokens are valid: true, expires at: 1778700416554
[debug] [2026-05-13T18:46:03.623Z] >>> [apiv2][query] POST https://iam.googleapis.com/v1/projects/xyrella-5f994/serviceAccounts/xyrella-5f994@appspot.gserviceaccount.com:testIamPermissions [none]
[debug] [2026-05-13T18:46:03.623Z] >>> [apiv2][body] POST https://iam.googleapis.com/v1/projects/xyrella-5f994/serviceAccounts/xyrella-5f994@appspot.gserviceaccount.com:testIamPermissions {"permissions":["iam.serviceAccounts.actAs"]}
[debug] [2026-05-13T18:46:03.814Z] <<< [apiv2][status] POST https://iam.googleapis.com/v1/projects/xyrella-5f994/serviceAccounts/xyrella-5f994@appspot.gserviceaccount.com:testIamPermissions 200
[debug] [2026-05-13T18:46:03.815Z] <<< [apiv2][body] POST https://iam.googleapis.com/v1/projects/xyrella-5f994/serviceAccounts/xyrella-5f994@appspot.gserviceaccount.com:testIamPermissions {"permissions":["iam.serviceAccounts.actAs"]}
[debug] [2026-05-13T18:46:03.815Z] Checked if tokens are valid: true, expires at: 1778700416554
[debug] [2026-05-13T18:46:03.815Z] Checked if tokens are valid: true, expires at: 1778700416554
[debug] [2026-05-13T18:46:03.815Z] >>> [apiv2][query] GET https://firebase.googleapis.com/v1beta1/projects/xyrella-5f994 [none]
[debug] [2026-05-13T18:46:04.029Z] <<< [apiv2][status] GET https://firebase.googleapis.com/v1beta1/projects/xyrella-5f994 200
[debug] [2026-05-13T18:46:04.029Z] <<< [apiv2][body] GET https://firebase.googleapis.com/v1beta1/projects/xyrella-5f994 {"projectId":"xyrella-5f994","projectNumber":"579885317211","displayName":"Xyrella","name":"projects/xyrella-5f994","resources":{"hostingSite":"xyrella-5f994"},"state":"ACTIVE","etag":"1_e34d3fc8-b8de-49cc-8a44-f82c9513a1a0"}
[info] 
[info] === Deploying to 'xyrella-5f994'...
[info] 
[info] i  deploying storage, firestore, functions, hosting 
[info] i  storage: ensuring required API firebasestorage.googleapis.com is enabled... 
[debug] [2026-05-13T18:46:04.032Z] Checked if tokens are valid: true, expires at: 1778700416554
[debug] [2026-05-13T18:46:04.032Z] Checked if tokens are valid: true, expires at: 1778700416554
[debug] [2026-05-13T18:46:04.032Z] >>> [apiv2][query] GET https://firebasestorage.googleapis.com/v1alpha/projects/xyrella-5f994/defaultBucket [none]
[debug] [2026-05-13T18:46:04.253Z] <<< [apiv2][status] GET https://firebasestorage.googleapis.com/v1alpha/projects/xyrella-5f994/defaultBucket 200
[debug] [2026-05-13T18:46:04.253Z] <<< [apiv2][body] GET https://firebasestorage.googleapis.com/v1alpha/projects/xyrella-5f994/defaultBucket {"name":"projects/xyrella-5f994/defaultBucket","location":"US-EAST1","bucket":{"name":"projects/xyrella-5f994/buckets/xyrella-5f994.firebasestorage.app"},"storageClass":"REGIONAL"}
[info] i  firebase.storage: checking storage.rules for compilation errors... 
[debug] [2026-05-13T18:46:04.254Z] Checked if tokens are valid: true, expires at: 1778700416554
[debug] [2026-05-13T18:46:04.255Z] Checked if tokens are valid: true, expires at: 1778700416554
[debug] [2026-05-13T18:46:04.255Z] >>> [apiv2][query] POST https://firebaserules.googleapis.com/v1/projects/xyrella-5f994:test [none]
[debug] [2026-05-13T18:46:04.255Z] >>> [apiv2][body] POST https://firebaserules.googleapis.com/v1/projects/xyrella-5f994:test [omitted]
[debug] [2026-05-13T18:46:04.383Z] <<< [apiv2][status] POST https://firebaserules.googleapis.com/v1/projects/xyrella-5f994:test 200
[debug] [2026-05-13T18:46:04.383Z] <<< [apiv2][body] POST https://firebaserules.googleapis.com/v1/projects/xyrella-5f994:test {}
[info] +  firebase.storage: rules file storage.rules compiled successfully 
[info] i  firestore: ensuring required API firestore.googleapis.com is enabled... 
[info] i  firestore: ensuring required API firestore.googleapis.com is enabled... 
[debug] [2026-05-13T18:46:04.385Z] Checked if tokens are valid: true, expires at: 1778700416554
[debug] [2026-05-13T18:46:04.385Z] Checked if tokens are valid: true, expires at: 1778700416554
[debug] [2026-05-13T18:46:04.385Z] >>> [apiv2][query] GET https://firestore.googleapis.com/v1/projects/xyrella-5f994/databases/(default) [none]
[debug] [2026-05-13T18:46:04.717Z] <<< [apiv2][status] GET https://firestore.googleapis.com/v1/projects/xyrella-5f994/databases/(default) 200
[debug] [2026-05-13T18:46:04.717Z] <<< [apiv2][body] GET https://firestore.googleapis.com/v1/projects/xyrella-5f994/databases/(default) {"name":"projects/xyrella-5f994/databases/(default)","uid":"f6c858b2-58f4-48ef-8012-0a07c7d49ea4","createTime":"2026-05-07T18:28:21.426163Z","updateTime":"2026-05-07T18:28:21.426163Z","locationId":"nam5","type":"FIRESTORE_NATIVE","concurrencyMode":"PESSIMISTIC","versionRetentionPeriod":"3600s","earliestVersionTime":"2026-05-13T17:46:04.149372Z","appEngineIntegrationMode":"DISABLED","keyPrefix":"s","pointInTimeRecoveryEnablement":"POINT_IN_TIME_RECOVERY_DISABLED","deleteProtectionState":"DELETE_PROTECTION_DISABLED","databaseEdition":"STANDARD","freeTier":true,"realtimeUpdatesMode":"REALTIME_UPDATES_MODE_ENABLED","etag":"IKmww6L2tpQDMKzJ7db5tJQD"}
[info] i  cloud.firestore: checking firestore.rules for compilation errors... 
[debug] [2026-05-13T18:46:04.718Z] Checked if tokens are valid: true, expires at: 1778700416554
[debug] [2026-05-13T18:46:04.718Z] Checked if tokens are valid: true, expires at: 1778700416554
[debug] [2026-05-13T18:46:04.718Z] >>> [apiv2][query] POST https://firebaserules.googleapis.com/v1/projects/xyrella-5f994:test [none]
[debug] [2026-05-13T18:46:04.718Z] >>> [apiv2][body] POST https://firebaserules.googleapis.com/v1/projects/xyrella-5f994:test [omitted]
[debug] [2026-05-13T18:46:04.779Z] <<< [apiv2][status] POST https://firebaserules.googleapis.com/v1/projects/xyrella-5f994:test 200
[debug] [2026-05-13T18:46:04.779Z] <<< [apiv2][body] POST https://firebaserules.googleapis.com/v1/projects/xyrella-5f994:test {}
[info] +  cloud.firestore: rules file firestore.rules compiled successfully 
[debug] [2026-05-13T18:46:04.780Z] Checked if tokens are valid: true, expires at: 1778700416554
[debug] [2026-05-13T18:46:04.780Z] Checked if tokens are valid: true, expires at: 1778700416554
[debug] [2026-05-13T18:46:04.780Z] >>> [apiv2][query] GET https://cloudresourcemanager.googleapis.com/v1/projects/xyrella-5f994 [none]
[debug] [2026-05-13T18:46:04.851Z] <<< [apiv2][status] GET https://cloudresourcemanager.googleapis.com/v1/projects/xyrella-5f994 200
[debug] [2026-05-13T18:46:04.851Z] <<< [apiv2][body] GET https://cloudresourcemanager.googleapis.com/v1/projects/xyrella-5f994 {"projectNumber":"579885317211","projectId":"xyrella-5f994","lifecycleState":"ACTIVE","name":"Xyrella","labels":{"firebase":"enabled","firebase-core":"disabled"},"createTime":"2026-05-07T18:14:09.818Z"}
[info] i  functions: preparing codebase default for deployment 
[info] i  functions: ensuring required API cloudfunctions.googleapis.com is enabled... 
[info] i  functions: ensuring required API cloudbuild.googleapis.com is enabled... 
[info] i  artifactregistry: ensuring required API artifactregistry.googleapis.com is enabled... 
[debug] [2026-05-13T18:46:04.855Z] Checked if tokens are valid: true, expires at: 1778700416554
[debug] [2026-05-13T18:46:04.855Z] Checked if tokens are valid: true, expires at: 1778700416554
[debug] [2026-05-13T18:46:04.855Z] >>> [apiv2][query] GET https://firebase.googleapis.com/v1beta1/projects/xyrella-5f994/adminSdkConfig [none]
[debug] [2026-05-13T18:46:05.145Z] <<< [apiv2][status] GET https://firebase.googleapis.com/v1beta1/projects/xyrella-5f994/adminSdkConfig 200
[debug] [2026-05-13T18:46:05.145Z] <<< [apiv2][body] GET https://firebase.googleapis.com/v1beta1/projects/xyrella-5f994/adminSdkConfig {"projectId":"xyrella-5f994","storageBucket":"xyrella-5f994.firebasestorage.app"}
[debug] [2026-05-13T18:46:05.145Z] Checked if tokens are valid: true, expires at: 1778700416554
[debug] [2026-05-13T18:46:05.145Z] Checked if tokens are valid: true, expires at: 1778700416554
[debug] [2026-05-13T18:46:05.145Z] >>> [apiv2][query] GET https://runtimeconfig.googleapis.com/v1beta1/projects/xyrella-5f994/configs [none]
[debug] [2026-05-13T18:46:05.259Z] <<< [apiv2][status] GET https://runtimeconfig.googleapis.com/v1beta1/projects/xyrella-5f994/configs 200
[debug] [2026-05-13T18:46:05.259Z] <<< [apiv2][body] GET https://runtimeconfig.googleapis.com/v1beta1/projects/xyrella-5f994/configs {}
[debug] [2026-05-13T18:46:05.260Z] Validating nodejs source
[warn] !  functions: Runtime Node.js 20 was deprecated on 2026-04-30 and will be decommissioned on 2026-10-30, after which you will not be able to deploy without upgrading. Consider upgrading now to avoid disruption. See https://cloud.google.com/functions/docs/runtime-support for full details on the lifecycle policy 
[warn] !  functions: Couldn't find firebase-functions package in your source code. Have you run 'npm install'? 
[debug] [2026-05-13T18:46:05.261Z] getFunctionsSDKVersion encountered error: Cannot find module 'firebase-functions'
Require stack:
- C:\Users\rickb\AppData\Roaming\npm\node_modules\firebase-tools\lib\deploy\functions\runtimes\node\versioning.js
- C:\Users\rickb\AppData\Roaming\npm\node_modules\firebase-tools\lib\deploy\functions\runtimes\node\index.js
- C:\Users\rickb\AppData\Roaming\npm\node_modules\firebase-tools\lib\deploy\functions\runtimes\index.js
- C:\Users\rickb\AppData\Roaming\npm\node_modules\firebase-tools\lib\deploy\functions\prepare.js
- C:\Users\rickb\AppData\Roaming\npm\node_modules\firebase-tools\lib\emulator\functionsEmulatorShared.js
- C:\Users\rickb\AppData\Roaming\npm\node_modules\firebase-tools\lib\frameworks\index.js
- C:\Users\rickb\AppData\Roaming\npm\node_modules\firebase-tools\lib\deploy\hosting\prepare.js
- C:\Users\rickb\AppData\Roaming\npm\node_modules\firebase-tools\lib\deploy\hosting\index.js
- C:\Users\rickb\AppData\Roaming\npm\node_modules\firebase-tools\lib\deploy\index.js
- C:\Users\rickb\AppData\Roaming\npm\node_modules\firebase-tools\lib\commands\deploy.js
- C:\Users\rickb\AppData\Roaming\npm\node_modules\firebase-tools\lib\commands\index.js
- C:\Users\rickb\AppData\Roaming\npm\node_modules\firebase-tools\lib\index.js
- C:\Users\rickb\AppData\Roaming\npm\node_modules\firebase-tools\lib\bin\cli.js
- C:\Users\rickb\AppData\Roaming\npm\node_modules\firebase-tools\lib\bin\firebase.js {"code":"MODULE_NOT_FOUND","requireStack":["C:\\Users\\rickb\\AppData\\Roaming\\npm\\node_modules\\firebase-tools\\lib\\deploy\\functions\\runtimes\\node\\versioning.js","C:\\Users\\rickb\\AppData\\Roaming\\npm\\node_modules\\firebase-tools\\lib\\deploy\\functions\\runtimes\\node\\index.js","C:\\Users\\rickb\\AppData\\Roaming\\npm\\node_modules\\firebase-tools\\lib\\deploy\\functions\\runtimes\\index.js","C:\\Users\\rickb\\AppData\\Roaming\\npm\\node_modules\\firebase-tools\\lib\\deploy\\functions\\prepare.js","C:\\Users\\rickb\\AppData\\Roaming\\npm\\node_modules\\firebase-tools\\lib\\emulator\\functionsEmulatorShared.js","C:\\Users\\rickb\\AppData\\Roaming\\npm\\node_modules\\firebase-tools\\lib\\frameworks\\index.js","C:\\Users\\rickb\\AppData\\Roaming\\npm\\node_modules\\firebase-tools\\lib\\deploy\\hosting\\prepare.js","C:\\Users\\rickb\\AppData\\Roaming\\npm\\node_modules\\firebase-tools\\lib\\deploy\\hosting\\index.js","C:\\Users\\rickb\\AppData\\Roaming\\npm\\node_modules\\firebase-tools\\lib\\deploy\\index.js","C:\\Users\\rickb\\AppData\\Roaming\\npm\\node_modules\\firebase-tools\\lib\\commands\\deploy.js","C:\\Users\\rickb\\AppData\\Roaming\\npm\\node_modules\\firebase-tools\\lib\\commands\\index.js","C:\\Users\\rickb\\AppData\\Roaming\\npm\\node_modules\\firebase-tools\\lib\\index.js","C:\\Users\\rickb\\AppData\\Roaming\\npm\\node_modules\\firebase-tools\\lib\\bin\\cli.js","C:\\Users\\rickb\\AppData\\Roaming\\npm\\node_modules\\firebase-tools\\lib\\bin\\firebase.js"]}
[debug] [2026-05-13T18:46:05.262Z] checkFunctionsSDKVersion encountered error: Invalid Version:  {}
[debug] [2026-05-13T18:46:05.262Z] > [functions] package.json contents: {
  "name": "xyrella-functions",
  "description": "Xyrella Cloud Functions - AI analysis middleware for xyrella-5f994",
  "version": "1.5.0",
  "engines": {
    "node": "20"
  },
  "main": "index.js",
  "scripts": {
    "serve": "firebase emulators:start --only functions",
    "shell": "firebase functions:shell",
    "start": "npm run shell",
    "deploy": "firebase deploy --only functions"
  },
  "dependencies": {
    "firebase-admin": "^12.0.0",
    "firebase-functions": "^5.0.0",
    "node-fetch": "^2.7.0"
  },
  "devDependencies": {
    "firebase-functions-test": "^0.2.3"
  }
}
[debug] [2026-05-13T18:46:05.263Z] Building nodejs source
[info] i  functions: Loading and analyzing source code for codebase default to determine what to deploy 
[debug] [2026-05-13T18:46:05.263Z] Could not parse firebase-functions version '' into semver.
[debug] [2026-05-13T18:46:05.263Z] Could not find functions.yaml. Must use http discovery
[debug] [2026-05-13T18:46:05.363Z] Error: Cannot find module 'firebase-functions'
Require stack:
- C:\Users\rickb\AppData\Roaming\npm\node_modules\firebase-tools\lib\deploy\functions\runtimes\node\index.js
- C:\Users\rickb\AppData\Roaming\npm\node_modules\firebase-tools\lib\deploy\functions\runtimes\index.js
- C:\Users\rickb\AppData\Roaming\npm\node_modules\firebase-tools\lib\deploy\functions\prepare.js
- C:\Users\rickb\AppData\Roaming\npm\node_modules\firebase-tools\lib\emulator\functionsEmulatorShared.js
- C:\Users\rickb\AppData\Roaming\npm\node_modules\firebase-tools\lib\frameworks\index.js
- C:\Users\rickb\AppData\Roaming\npm\node_modules\firebase-tools\lib\deploy\hosting\prepare.js
- C:\Users\rickb\AppData\Roaming\npm\node_modules\firebase-tools\lib\deploy\hosting\index.js
- C:\Users\rickb\AppData\Roaming\npm\node_modules\firebase-tools\lib\deploy\index.js
- C:\Users\rickb\AppData\Roaming\npm\node_modules\firebase-tools\lib\commands\deploy.js
- C:\Users\rickb\AppData\Roaming\npm\node_modules\firebase-tools\lib\commands\index.js
- C:\Users\rickb\AppData\Roaming\npm\node_modules\firebase-tools\lib\index.js
- C:\Users\rickb\AppData\Roaming\npm\node_modules\firebase-tools\lib\bin\cli.js
- C:\Users\rickb\AppData\Roaming\npm\node_modules\firebase-tools\lib\bin\firebase.js
    at Module._resolveFilename (node:internal/modules/cjs/loader:1476:15)
    at wrapResolveFilename (node:internal/modules/cjs/loader:1049:27)
    at resolveForCJSWithHooks (node:internal/modules/cjs/loader:1094:12)
    at require.resolve (node:internal/modules/helpers:171:31)
    at Delegate.findFunctionsBinary (C:\Users\rickb\AppData\Roaming\npm\node_modules\firebase-tools\lib\deploy\functions\runtimes\node\index.js:101:33)
    at Delegate.spawnFunctionsProcess (C:\Users\rickb\AppData\Roaming\npm\node_modules\firebase-tools\lib\deploy\functions\runtimes\node\index.js:131:30)
    at Delegate.serveAdmin (C:\Users\rickb\AppData\Roaming\npm\node_modules\firebase-tools\lib\deploy\functions\runtimes\node\index.js:152:35)
    at Delegate.discoverBuild (C:\Users\rickb\AppData\Roaming\npm\node_modules\firebase-tools\lib\deploy\functions\runtimes\node\index.js:192:41)
    at process.processTicksAndRejections (node:internal/process/task_queues:104:5)
    at async loadCodebases (C:\Users\rickb\AppData\Roaming\npm\node_modules\firebase-tools\lib\deploy\functions\prepare.js:496:33)
[error] 
[error] Error: An unexpected error has occurred.
